# JRE version: OpenJDK Runtime Environment (8.0_412-b08) (build 1.8.0_412-b08)
# Java VM: OpenJDK 64-Bit Server VM (25.412-b08 mixed mode windows-amd64 compressed oops)
Heap:
 PSYoungGen      total 564736K, used 176926K [0x000000076b100000, 0x000000078fd00000, 0x00000007c0000000)
  eden space 539648K, 28% used [0x000000076b100000,0x00000007745d94c0,0x000000078c000000)
  from space 25088K, 97% used [0x000000078e480000,0x000000078fc6e6c0,0x000000078fd00000)
  to   space 31232K, 0% used [0x000000078c000000,0x000000078c000000,0x000000078de80000)
 ParOldGen       total 110592K, used 68588K [0x00000006c1200000, 0x00000006c7e00000, 0x000000076b100000)
  object space 110592K, 62% used [0x00000006c1200000,0x00000006c54fb318,0x00000006c7e00000)
 Metaspace       used 30672K, capacity 31602K, committed 31744K, reserved 1077248K
  class space    used 3556K, capacity 3785K, committed 3840K, reserved 1048576K
GC Heap History (10 events):
Event: 2.618 GC heap before
{Heap before GC invocations=7 (full 1):
 PSYoungGen      total 139776K, used 137020K [0x000000076b100000, 0x0000000779580000, 0x00000007c0000000)
  eden space 129024K, 99% used [0x000000076b100000,0x0000000772eef0f0,0x0000000772f00000)
  from space 10752K, 75% used [0x0000000772f00000,0x00000007736e0030,0x0000000773980000)
  to   space 12288K, 0% used [0x0000000778980000,0x0000000778980000,0x0000000779580000)
 ParOldGen       total 110592K, used 20688K [0x00000006c1200000, 0x00000006c7e00000, 0x000000076b100000)
  object space 110592K, 18% used [0x00000006c1200000,0x00000006c2634370,0x00000006c7e00000)
 Metaspace       used 25858K, capacity 26690K, committed 27008K, reserved 1073152K
  class space    used 3146K, capacity 3348K, committed 3456K, reserved 1048576K
Event: 2.629 GC heap after
Heap after GC invocations=7 (full 1):
 PSYoungGen      total 219136K, used 12283K [0x000000076b100000, 0x000000077b800000, 0x00000007c0000000)
  eden space 206848K, 0% used [0x000000076b100000,0x000000076b100000,0x0000000777b00000)
  from space 12288K, 99% used [0x0000000778980000,0x000000077957ee20,0x0000000779580000)
  to   space 14848K, 0% used [0x0000000777b00000,0x0000000777b00000,0x0000000778980000)
 ParOldGen       total 110592K, used 23232K [0x00000006c1200000, 0x00000006c7e00000, 0x000000076b100000)
  object space 110592K, 21% used [0x00000006c1200000,0x00000006c28b0238,0x00000006c7e00000)
 Metaspace       used 25858K, capacity 26690K, committed 27008K, reserved 1073152K
  class space    used 3146K, capacity 3348K, committed 3456K, reserved 1048576K
}
Event: 4.038 GC heap before
{Heap before GC invocations=8 (full 1):
 PSYoungGen      total 219136K, used 219131K [0x000000076b100000, 0x000000077b800000, 0x00000007c0000000)
  eden space 206848K, 100% used [0x000000076b100000,0x0000000777b00000,0x0000000777b00000)
  from space 12288K, 99% used [0x0000000778980000,0x000000077957ee20,0x0000000779580000)
  to   space 14848K, 0% used [0x0000000777b00000,0x0000000777b00000,0x0000000778980000)
 ParOldGen       total 110592K, used 23232K [0x00000006c1200000, 0x00000006c7e00000, 0x000000076b100000)
  object space 110592K, 21% used [0x00000006c1200000,0x00000006c28b0238,0x00000006c7e00000)
 Metaspace       used 27714K, capacity 28710K, committed 28928K, reserved 1075200K
  class space    used 3299K, capacity 3552K, committed 3584K, reserved 1048576K
Event: 4.057 GC heap after
Heap after GC invocations=8 (full 1):
 PSYoungGen      total 221696K, used 14831K [0x000000076b100000, 0x0000000785f80000, 0x00000007c0000000)
  eden space 206848K, 0% used [0x000000076b100000,0x000000076b100000,0x0000000777b00000)
  from space 14848K, 99% used [0x0000000777b00000,0x000000077897bfc0,0x0000000778980000)
  to   space 31744K, 0% used [0x0000000784080000,0x0000000784080000,0x0000000785f80000)
 ParOldGen       total 110592K, used 53858K [0x00000006c1200000, 0x00000006c7e00000, 0x000000076b100000)
  object space 110592K, 48% used [0x00000006c1200000,0x00000006c4698918,0x00000006c7e00000)
 Metaspace       used 27714K, capacity 28710K, committed 28928K, reserved 1075200K
  class space    used 3299K, capacity 3552K, committed 3584K, reserved 1048576K
}
Event: 4.441 GC heap before
{Heap before GC invocations=9 (full 1):
 PSYoungGen      total 221696K, used 221679K [0x000000076b100000, 0x0000000785f80000, 0x00000007c0000000)
  eden space 206848K, 100% used [0x000000076b100000,0x0000000777b00000,0x0000000777b00000)
  from space 14848K, 99% used [0x0000000777b00000,0x000000077897bfc0,0x0000000778980000)
  to   space 31744K, 0% used [0x0000000784080000,0x0000000784080000,0x0000000785f80000)
 ParOldGen       total 110592K, used 53858K [0x00000006c1200000, 0x00000006c7e00000, 0x000000076b100000)
  object space 110592K, 48% used [0x00000006c1200000,0x00000006c4698918,0x00000006c7e00000)
 Metaspace       used 28469K, capacity 29432K, committed 29824K, reserved 1075200K
  class space    used 3366K, capacity 3619K, committed 3712K, reserved 1048576K
Event: 4.454 GC heap after
Heap after GC invocations=9 (full 1):
 PSYoungGen      total 397824K, used 16266K [0x000000076b100000, 0x0000000785880000, 0x00000007c0000000)
  eden space 373248K, 0% used [0x000000076b100000,0x000000076b100000,0x0000000781d80000)
  from space 24576K, 66% used [0x0000000784080000,0x0000000785062858,0x0000000785880000)
  to   space 30208K, 0% used [0x0000000781d80000,0x0000000781d80000,0x0000000783b00000)
 ParOldGen       total 110592K, used 53954K [0x00000006c1200000, 0x00000006c7e00000, 0x000000076b100000)
  object space 110592K, 48% used [0x00000006c1200000,0x00000006c46b0918,0x00000006c7e00000)
 Metaspace       used 28469K, capacity 29432K, committed 29824K, reserved 1075200K
  class space    used 3366K, capacity 3619K, committed 3712K, reserved 1048576K
}
Event: 4.971 GC heap before
{Heap before GC invocations=10 (full 1):
 PSYoungGen      total 397824K, used 389514K [0x000000076b100000, 0x0000000785880000, 0x00000007c0000000)
  eden space 373248K, 100% used [0x000000076b100000,0x0000000781d80000,0x0000000781d80000)
  from space 24576K, 66% used [0x0000000784080000,0x0000000785062858,0x0000000785880000)
  to   space 30208K, 0% used [0x0000000781d80000,0x0000000781d80000,0x0000000783b00000)
 ParOldGen       total 110592K, used 53954K [0x00000006c1200000, 0x00000006c7e00000, 0x000000076b100000)
  object space 110592K, 48% used [0x00000006c1200000,0x00000006c46b0918,0x00000006c7e00000)
 Metaspace       used 28760K, capacity 29712K, committed 30080K, reserved 1075200K
  class space    used 3399K, capacity 3623K, committed 3712K, reserved 1048576K
Event: 4.983 GC heap after
Heap after GC invocations=10 (full 1):
 PSYoungGen      total 403456K, used 12097K [0x000000076b100000, 0x0000000790100000, 0x00000007c0000000)
  eden space 373248K, 0% used [0x000000076b100000,0x000000076b100000,0x0000000781d80000)
  from space 30208K, 40% used [0x0000000781d80000,0x0000000782950758,0x0000000783b00000)
  to   space 29184K, 0% used [0x000000078e480000,0x000000078e480000,0x0000000790100000)
 ParOldGen       total 110592K, used 57712K [0x00000006c1200000, 0x00000006c7e00000, 0x000000076b100000)
  object space 110592K, 52% used [0x00000006c1200000,0x00000006c4a5c2c0,0x00000006c7e00000)
 Metaspace       used 28760K, capacity 29712K, committed 30080K, reserved 1075200K
  class space    used 3399K, capacity 3623K, committed 3712K, reserved 1048576K
}
Event: 6.258 GC heap before
{Heap before GC invocations=11 (full 1):
 PSYoungGen      total 403456K, used 385345K [0x000000076b100000, 0x0000000790100000, 0x00000007c0000000)
  eden space 373248K, 100% used [0x000000076b100000,0x0000000781d80000,0x0000000781d80000)
  from space 30208K, 40% used [0x0000000781d80000,0x0000000782950758,0x0000000783b00000)
  to   space 29184K, 0% used [0x000000078e480000,0x000000078e480000,0x0000000790100000)
 ParOldGen       total 110592K, used 57712K [0x00000006c1200000, 0x00000006c7e00000, 0x000000076b100000)
  object space 110592K, 52% used [0x00000006c1200000,0x00000006c4a5c2c0,0x00000006c7e00000)
 Metaspace       used 28898K, capacity 29778K, committed 30080K, reserved 1075200K
  class space    used 3401K, capacity 3625K, committed 3712K, reserved 1048576K
Event: 6.276 GC heap after
Heap after GC invocations=11 (full 1):
 PSYoungGen      total 564736K, used 24505K [0x000000076b100000, 0x000000078fd00000, 0x00000007c0000000)
  eden space 539648K, 0% used [0x000000076b100000,0x000000076b100000,0x000000078c000000)
  from space 25088K, 97% used [0x000000078e480000,0x000000078fc6e6c0,0x000000078fd00000)
  to   space 31232K, 0% used [0x000000078c000000,0x000000078c000000,0x000000078de80000)
 ParOldGen       total 110592K, used 68588K [0x00000006c1200000, 0x00000006c7e00000, 0x000000076b100000)
  object space 110592K, 62% used [0x00000006c1200000,0x00000006c54fb318,0x00000006c7e00000)
 Metaspace       used 28898K, capacity 29778K, committed 30080K, reserved 1075200K
  class space    used 3401K, capacity 3625K, committed 3712K, reserved 1048576K
}

