# JRE version: OpenJDK Runtime Environment (8.0_412-b08) (build 1.8.0_412-b08)
# Java VM: OpenJDK 64-Bit Server VM (25.412-b08 mixed mode windows-amd64 compressed oops)
Heap:
 PSYoungGen      total 230400K, used 228770K [0x000000076b100000, 0x000000077c400000, 0x00000007c0000000)
  eden space 219648K, 99% used [0x000000076b100000,0x00000007785eb6f0,0x0000000778780000)
  from space 10752K, 99% used [0x000000077af00000,0x000000077b97d490,0x000000077b980000)
  to   space 8704K, 0% used [0x000000077bb80000,0x000000077bb80000,0x000000077c400000)
 ParOldGen       total 108032K, used 42549K [0x00000006c1200000, 0x00000006c7b80000, 0x000000076b100000)
  object space 108032K, 39% used [0x00000006c1200000,0x00000006c3b8d5f8,0x00000006c7b80000)
 Metaspace       used 28426K, capacity 29368K, committed 29568K, reserved 1075200K
  class space    used 3363K, capacity 3619K, committed 3712K, reserved 1048576K
GC Heap History (10 events):
Event: 2.745 GC heap before
{Heap before GC invocations=2 (full 0):
 PSYoungGen      total 76288K, used 74636K [0x000000076b100000, 0x0000000774600000, 0x00000007c0000000)
  eden space 65536K, 100% used [0x000000076b100000,0x000000076f100000,0x000000076f100000)
  from space 10752K, 84% used [0x000000076f100000,0x000000076f9e30d0,0x000000076fb80000)
  to   space 10752K, 0% used [0x0000000773b80000,0x0000000773b80000,0x0000000774600000)
 ParOldGen       total 175104K, used 16K [0x00000006c1200000, 0x00000006cbd00000, 0x000000076b100000)
  object space 175104K, 0% used [0x00000006c1200000,0x00000006c1204000,0x00000006cbd00000)
 Metaspace       used 19439K, capacity 20044K, committed 20352K, reserved 1067008K
  class space    used 2413K, capacity 2571K, committed 2688K, reserved 1048576K
Event: 2.767 GC heap after
Heap after GC invocations=2 (full 0):
 PSYoungGen      total 141824K, used 10735K [0x000000076b100000, 0x0000000774600000, 0x00000007c0000000)
  eden space 131072K, 0% used [0x000000076b100000,0x000000076b100000,0x0000000773100000)
  from space 10752K, 99% used [0x0000000773b80000,0x00000007745fbf20,0x0000000774600000)
  to   space 10752K, 0% used [0x0000000773100000,0x0000000773100000,0x0000000773b80000)
 ParOldGen       total 175104K, used 757K [0x00000006c1200000, 0x00000006cbd00000, 0x000000076b100000)
  object space 175104K, 0% used [0x00000006c1200000,0x00000006c12bd458,0x00000006cbd00000)
 Metaspace       used 19439K, capacity 20044K, committed 20352K, reserved 1067008K
  class space    used 2413K, capacity 2571K, committed 2688K, reserved 1048576K
}
Event: 3.450 GC heap before
{Heap before GC invocations=3 (full 0):
 PSYoungGen      total 141824K, used 47940K [0x000000076b100000, 0x0000000774600000, 0x00000007c0000000)
  eden space 131072K, 28% used [0x000000076b100000,0x000000076d5551d0,0x0000000773100000)
  from space 10752K, 99% used [0x0000000773b80000,0x00000007745fbf20,0x0000000774600000)
  to   space 10752K, 0% used [0x0000000773100000,0x0000000773100000,0x0000000773b80000)
 ParOldGen       total 175104K, used 757K [0x00000006c1200000, 0x00000006cbd00000, 0x000000076b100000)
  object space 175104K, 0% used [0x00000006c1200000,0x00000006c12bd458,0x00000006cbd00000)
 Metaspace       used 20427K, capacity 21114K, committed 21248K, reserved 1067008K
  class space    used 2510K, capacity 2710K, committed 2816K, reserved 1048576K
Event: 3.462 GC heap after
Heap after GC invocations=3 (full 0):
 PSYoungGen      total 141824K, used 9361K [0x000000076b100000, 0x000000077c600000, 0x00000007c0000000)
  eden space 131072K, 0% used [0x000000076b100000,0x000000076b100000,0x0000000773100000)
  from space 10752K, 87% used [0x0000000773100000,0x0000000773a24488,0x0000000773b80000)
  to   space 10752K, 0% used [0x000000077bb80000,0x000000077bb80000,0x000000077c600000)
 ParOldGen       total 175104K, used 765K [0x00000006c1200000, 0x00000006cbd00000, 0x000000076b100000)
  object space 175104K, 0% used [0x00000006c1200000,0x00000006c12bf458,0x00000006cbd00000)
 Metaspace       used 20427K, capacity 21114K, committed 21248K, reserved 1067008K
  class space    used 2510K, capacity 2710K, committed 2816K, reserved 1048576K
}
Event: 3.462 GC heap before
{Heap before GC invocations=4 (full 1):
 PSYoungGen      total 141824K, used 9361K [0x000000076b100000, 0x000000077c600000, 0x00000007c0000000)
  eden space 131072K, 0% used [0x000000076b100000,0x000000076b100000,0x0000000773100000)
  from space 10752K, 87% used [0x0000000773100000,0x0000000773a24488,0x0000000773b80000)
  to   space 10752K, 0% used [0x000000077bb80000,0x000000077bb80000,0x000000077c600000)
 ParOldGen       total 175104K, used 765K [0x00000006c1200000, 0x00000006cbd00000, 0x000000076b100000)
  object space 175104K, 0% used [0x00000006c1200000,0x00000006c12bf458,0x00000006cbd00000)
 Metaspace       used 20427K, capacity 21114K, committed 21248K, reserved 1067008K
  class space    used 2510K, capacity 2710K, committed 2816K, reserved 1048576K
Event: 3.512 GC heap after
Heap after GC invocations=4 (full 1):
 PSYoungGen      total 141824K, used 0K [0x000000076b100000, 0x000000077c600000, 0x00000007c0000000)
  eden space 131072K, 0% used [0x000000076b100000,0x000000076b100000,0x0000000773100000)
  from space 10752K, 0% used [0x0000000773100000,0x0000000773100000,0x0000000773b80000)
  to   space 10752K, 0% used [0x000000077bb80000,0x000000077bb80000,0x000000077c600000)
 ParOldGen       total 108032K, used 9029K [0x00000006c1200000, 0x00000006c7b80000, 0x000000076b100000)
  object space 108032K, 8% used [0x00000006c1200000,0x00000006c1ad1630,0x00000006c7b80000)
 Metaspace       used 20427K, capacity 21114K, committed 21248K, reserved 1067008K
  class space    used 2510K, capacity 2710K, committed 2816K, reserved 1048576K
}
Event: 3.639 GC heap before
{Heap before GC invocations=5 (full 1):
 PSYoungGen      total 141824K, used 119987K [0x000000076b100000, 0x000000077c600000, 0x00000007c0000000)
  eden space 131072K, 91% used [0x000000076b100000,0x000000077262cf38,0x0000000773100000)
  from space 10752K, 0% used [0x0000000773100000,0x0000000773100000,0x0000000773b80000)
  to   space 10752K, 0% used [0x000000077bb80000,0x000000077bb80000,0x000000077c600000)
 ParOldGen       total 108032K, used 9029K [0x00000006c1200000, 0x00000006c7b80000, 0x000000076b100000)
  object space 108032K, 8% used [0x00000006c1200000,0x00000006c1ad1630,0x00000006c7b80000)
 Metaspace       used 20954K, capacity 21670K, committed 21760K, reserved 1069056K
  class space    used 2577K, capacity 2786K, committed 2816K, reserved 1048576K
Event: 3.653 GC heap after
Heap after GC invocations=5 (full 1):
 PSYoungGen      total 228352K, used 8509K [0x000000076b100000, 0x000000077c400000, 0x00000007c0000000)
  eden space 219648K, 0% used [0x000000076b100000,0x000000076b100000,0x0000000778780000)
  from space 8704K, 97% used [0x000000077bb80000,0x000000077c3cf608,0x000000077c400000)
  to   space 10752K, 0% used [0x000000077af00000,0x000000077af00000,0x000000077b980000)
 ParOldGen       total 108032K, used 20557K [0x00000006c1200000, 0x00000006c7b80000, 0x000000076b100000)
  object space 108032K, 19% used [0x00000006c1200000,0x00000006c2613640,0x00000006c7b80000)
 Metaspace       used 20954K, capacity 21670K, committed 21760K, reserved 1069056K
  class space    used 2577K, capacity 2786K, committed 2816K, reserved 1048576K
}
Event: 6.245 GC heap before
{Heap before GC invocations=6 (full 1):
 PSYoungGen      total 228352K, used 228157K [0x000000076b100000, 0x000000077c400000, 0x00000007c0000000)
  eden space 219648K, 100% used [0x000000076b100000,0x0000000778780000,0x0000000778780000)
  from space 8704K, 97% used [0x000000077bb80000,0x000000077c3cf608,0x000000077c400000)
  to   space 10752K, 0% used [0x000000077af00000,0x000000077af00000,0x000000077b980000)
 ParOldGen       total 108032K, used 20557K [0x00000006c1200000, 0x00000006c7b80000, 0x000000076b100000)
  object space 108032K, 19% used [0x00000006c1200000,0x00000006c2613640,0x00000006c7b80000)
 Metaspace       used 26018K, capacity 26882K, committed 27008K, reserved 1073152K
  class space    used 3149K, capacity 3348K, committed 3456K, reserved 1048576K
Event: 6.270 GC heap after
Heap after GC invocations=6 (full 1):
 PSYoungGen      total 230400K, used 10741K [0x000000076b100000, 0x000000077c400000, 0x00000007c0000000)
  eden space 219648K, 0% used [0x000000076b100000,0x000000076b100000,0x0000000778780000)
  from space 10752K, 99% used [0x000000077af00000,0x000000077b97d490,0x000000077b980000)
  to   space 8704K, 0% used [0x000000077bb80000,0x000000077bb80000,0x000000077c400000)
 ParOldGen       total 108032K, used 42549K [0x00000006c1200000, 0x00000006c7b80000, 0x000000076b100000)
  object space 108032K, 39% used [0x00000006c1200000,0x00000006c3b8d5f8,0x00000006c7b80000)
 Metaspace       used 26018K, capacity 26882K, committed 27008K, reserved 1073152K
  class space    used 3149K, capacity 3348K, committed 3456K, reserved 1048576K
}

